[2025-11-22 16:09:51] Admin Registration Initiated
Admin: satrio
Sponsor: 2
Tipe Pendaftaran: Tambah Titik (Cloning)
Activation Code ID: 3
Activation Code: YBruufX8tHdh
-----------------------------------
[2025-11-22 16:09:58] Admin Registration Initiated
Admin: satrio
Sponsor: 2
Tipe Pendaftaran: Tambah Titik (Cloning)
Activation Code ID: 3
Activation Code: YBruufX8tHdh
-----------------------------------
[2025-11-22 16:10:53] Admin Registration Initiated
Admin: satrio
Sponsor: 2
Tipe Pendaftaran: Tambah Titik (Cloning)
Activation Code ID: 3
Activation Code: YBruufX8tHdh
-----------------------------------
[2025-11-22 16:13:04] Admin Registration Initiated
Admin: satrio
Sponsor: 2
Tipe Pendaftaran: Tambah Titik (Cloning)
Activation Code ID: 3
Activation Code: YBruufX8tHdh
-----------------------------------
[2025-11-22 16:14:03] Admin Registration Initiated
Admin: satrio
Sponsor: 2
Tipe Pendaftaran: Tambah Titik (Cloning)
Activation Code ID: 3
Activation Code: YBruufX8tHdh
-----------------------------------
[2025-11-22 16:15:37] Admin Registration Initiated
Admin: satrio
Sponsor: 2
Tipe Pendaftaran: Tambah Titik (Cloning)
Activation Code ID: 3
Activation Code: YBruufX8tHdh
-----------------------------------
[2025-11-22 16:17:01] Admin Registration Initiated
Admin: satrio
Sponsor: 2
Tipe Pendaftaran: Tambah Titik (Cloning)
Activation Code ID: 3
Activation Code: YBruufX8tHdh
-----------------------------------
[2025-11-22 16:19:25] Admin Registration Initiated
Admin: satrio
Sponsor: 2
Tipe Pendaftaran: Tambah Titik (Cloning)
Activation Code ID: 3
Activation Code: YBruufX8tHdh
-----------------------------------
[2025-11-22 16:25:51] Admin Registration Initiated
Admin: satrio
Sponsor: 2
Tipe Pendaftaran: Tambah Titik (Cloning)
Activation Code ID: 3
Activation Code: YBruufX8tHdh
-----------------------------------
[2025-11-22 16:29:05] Admin Registration Initiated
Admin: satrio
Sponsor: 2
Tipe Pendaftaran: Tambah Titik (Cloning)
Activation Code ID: 3
Activation Code: YBruufX8tHdh
-----------------------------------
[2025-11-22 16:31:21] Admin Registration Initiated
Admin: satrio
Sponsor: 2
Tipe Pendaftaran: Tambah Titik (Cloning)
Activation Code ID: 3
Activation Code: YBruufX8tHdh
-----------------------------------
[2025-11-22 16:33:05] Admin Registration Initiated
Admin: satrio
Sponsor: 3
Tipe Pendaftaran: Tambah Titik (Cloning)
Activation Code ID: 5
Activation Code: EWO1RzmHGZDU
-----------------------------------
[2025-11-22 16:35:06] Admin Registration Initiated
Admin: satrio
Sponsor: 14
Tipe Pendaftaran: Tambah Titik (Cloning)
Activation Code ID: 13
Activation Code: SiiDhU2MFWdc
-----------------------------------
[2025-11-22 16:45:15] Admin Registration Initiated
Admin: satrio
Sponsor: 14
Tipe Pendaftaran: Tambah Titik (Cloning)
Activation Code ID: 14
Activation Code: xv2hDFlidX6z
-----------------------------------
[2025-11-22 16:48:22] Admin Registration Initiated
Admin: satrio
Sponsor: 16
Tipe Pendaftaran: Tambah Titik (Cloning)
Activation Code ID: 15
Activation Code: bR8adIF0bxll
-----------------------------------
[2025-11-22 20:39:24] Admin Registration Initiated
Admin: satrio
Sponsor: 3
Tipe Pendaftaran: Tambah Titik (Cloning)
Activation Code ID: 20
Activation Code: Bg8JH4muHoVM
-----------------------------------
